2026-05-19 13:41:36,743 - [INFO] - ========================================================
2026-05-19 13:41:36,744 - [INFO] -   OBTENIENDO INFORMACIÓN DE GENESYS ENGAGED  
2026-05-19 13:41:36,745 - [INFO] - ========================================================
2026-05-19 13:41:36,745 - [INFO] - Iniciando la descarga directa del formulario desde Google Sheets...
2026-05-19 13:41:41,478 - [INFO] - ¡Extracción exitosa! El archivo se guardó correctamente como: 'C:\Users\User\Grupo de Servicios Integrales Chile S.A\Mildred Casas - VTR Operaciones\02.Migracion\10.Corte Migracion\Formulario Engaged.xlsx'
2026-05-19 16:40:54,940 - [INFO] - ========================================================
2026-05-19 16:40:54,941 - [INFO] -   INICIANDO TRANSFORMACIÓN DE DATOS - GENESYS ENGAGED   
2026-05-19 16:40:54,941 - [INFO] - ========================================================
2026-05-19 16:40:54,941 - [INFO] - Iniciando la descarga del formulario de Google Sheets...
2026-05-19 16:41:01,997 - [INFO] - Aplicando pasos de transformación de datos...
2026-05-19 16:41:02,013 - [INFO] - Guardando archivo final en: C:\Users\User\Grupo de Servicios Integrales Chile S.A\Mildred Casas - VTR Operaciones\02.Migracion\10.Corte Migracion\reporte_formulario_engaged.xlsx
2026-05-19 16:41:12,984 - [INFO] - ¡Proceso completado con éxito!
2026-05-19 16:41:45,450 - [INFO] - ========================================================
2026-05-19 16:41:45,451 - [INFO] -   INICIANDO TRANSFORMACIÓN DE DATOS - GENESYS ENGAGED   
2026-05-19 16:41:45,451 - [INFO] - ========================================================
2026-05-19 16:41:45,451 - [INFO] - Iniciando la descarga del formulario de Google Sheets...
2026-05-19 16:41:53,720 - [INFO] - Aplicando pasos de transformación de datos...
2026-05-19 16:41:53,748 - [INFO] - Guardando archivo final en: C:\Users\User\Grupo de Servicios Integrales Chile S.A\Mildred Casas - VTR Operaciones\02.Migracion\10.Corte Migracion\Formulario Engaged.xlsx
2026-05-19 16:42:03,262 - [INFO] - ¡Proceso completado con éxito!
2026-05-19 16:45:51,775 - [INFO] -   INICIANDO PROCESAMIENTO CONSOLIDADO - GENESYS ENGAGED 
2026-05-19 16:45:51,776 - [INFO] - Iniciando descarga de datos desde el formulario de Google Sheets...
2026-05-19 16:45:59,003 - [INFO] - Cargando fuentes de datos externas para los cruces...
2026-05-19 16:45:59,090 - [WARNING] - No se encontró el archivo de Llamadas en C:\Users\User\Grupo de Servicios Integrales Chile S.A\Mildred Casas - VTR Operaciones\02.Migracion\10.Corte Migracion\Llamada x agente.xlsx. Se creará un DataFrame vacío.
2026-05-19 16:45:59,091 - [INFO] - Aplicando transformaciones y cruces de información...
2026-05-19 16:45:59,118 - [WARNING] - No se pudo realizar el cruce con DOTACION (Columnas ausentes o archivo vacío).
2026-05-19 16:45:59,133 - [WARNING] - No se pudo realizar el cruce con Llamada x agente.
2026-05-19 16:45:59,134 - [INFO] - Guardando reporte consolidado final en: C:\Users\User\Grupo de Servicios Integrales Chile S.A\Mildred Casas - VTR Operaciones\02.Migracion\10.Corte Migracion\Formulario Engaged.xlsx
2026-05-19 16:46:08,236 - [INFO] - ¡Proceso de automatización y cruces finalizado con éxito!
2026-05-19 16:52:40,760 - [INFO] -   INICIANDO PROCESAMIENTO CONSOLIDADO - GENESYS ENGAGED 
2026-05-19 16:52:40,760 - [INFO] - Iniciando descarga de datos desde el formulario de Google Sheets...
2026-05-19 16:52:48,208 - [INFO] - Cargando fuentes de datos externas para los cruces...
2026-05-19 16:52:48,303 - [INFO] - Aplicando transformaciones y cruces de información...
2026-05-19 16:52:48,328 - [WARNING] - No se pudo realizar el cruce con DOTACION (Columnas ausentes o archivo vacío).
2026-05-19 16:52:48,341 - [WARNING] - No se pudo realizar el cruce con Llamada x agente.
2026-05-19 16:52:48,349 - [INFO] - Guardando reporte consolidado final en: C:\Users\User\Grupo de Servicios Integrales Chile S.A\Mildred Casas - VTR Operaciones\02.Migracion\10.Corte Migracion\Formulario Engaged.xlsx
2026-05-19 16:52:57,228 - [INFO] - ¡Proceso de automatización y cruces finalizado con éxito!
2026-05-19 16:57:06,220 - [INFO] -   INICIANDO PROCESAMIENTO CONSOLIDADO - GENESYS ENGAGED 
2026-05-19 16:57:06,221 - [INFO] - Iniciando descarga de datos desde el formulario de Google Sheets...
2026-05-19 16:57:13,052 - [INFO] - Cargando fuentes de datos externas para los cruces...
2026-05-19 16:57:13,141 - [INFO] - Aplicando transformaciones y cruces de información...
2026-05-19 16:57:13,164 - [WARNING] - No se pudo realizar el cruce con DOTACION (Columnas ausentes o archivo vacío).
2026-05-19 16:57:13,184 - [WARNING] - No se pudo realizar el cruce con Llamada x agente.
2026-05-19 16:57:13,188 - [INFO] - Guardando reporte consolidado final en: C:\Users\User\Grupo de Servicios Integrales Chile S.A\Mildred Casas - VTR Operaciones\02.Migracion\10.Corte Migracion\Formulario Engaged.xlsx
2026-05-19 16:57:21,862 - [INFO] - ¡Proceso de automatización y cruces finalizado con éxito!
2026-05-20 12:05:09,055 - [INFO] -   INICIANDO PROCESAMIENTO CONSOLIDADO - GENESYS ENGAGED 
2026-05-20 12:05:09,056 - [INFO] - Iniciando descarga de datos desde el formulario de Google Sheets...
2026-05-20 12:05:18,024 - [INFO] - Cargando fuentes de datos externas para los cruces...
2026-05-20 12:05:18,199 - [INFO] - Aplicando transformaciones y cruces de información...
2026-05-20 12:05:18,251 - [WARNING] - No se pudo realizar el cruce con DOTACION (Columnas ausentes o archivo vacío).
2026-05-20 12:05:18,276 - [WARNING] - No se pudo realizar el cruce con Llamada x agente.
2026-05-20 12:05:18,278 - [INFO] - Guardando reporte consolidado final en: C:\Users\User\Grupo de Servicios Integrales Chile S.A\Mildred Casas - VTR Operaciones\02.Migracion\10.Corte Migracion\Formulario Engaged.xlsx
2026-05-20 12:05:40,770 - [INFO] - ¡Proceso de automatización y cruces finalizado con éxito!
2026-05-20 12:25:40,541 - [INFO] - ========================================================
2026-05-20 12:25:40,543 - [INFO] -   INICIANDO PROCESAMIENTO CONSOLIDADO - GENESYS ENGAGED 
2026-05-20 12:25:40,544 - [INFO] - ========================================================
2026-05-20 12:25:40,545 - [INFO] - Iniciando descarga de datos desde el formulario de Google Sheets...
2026-05-20 12:25:47,164 - [INFO] - Cargando fuentes de datos externas para los cruces...
2026-05-20 12:25:47,165 - [INFO] - Realizando limpieza y carga de Base de Dotación...
2026-05-20 12:25:47,955 - [INFO] - Aplicando transformaciones y cruces de información...
2026-05-20 12:25:48,016 - [INFO] - Realizando cruce final con Base de Dotación...
2026-05-20 12:25:48,039 - [WARNING] - No se pudo realizar el cruce con Llamada x agente.
2026-05-20 12:25:48,044 - [INFO] - Guardando reporte consolidado final en: C:\Users\User\Grupo de Servicios Integrales Chile S.A\Mildred Casas - VTR Operaciones\02.Migracion\10.Corte Migracion\Formulario Engaged.xlsx
2026-05-20 12:25:57,641 - [INFO] - ¡Proceso de automatización y cruces finalizado con éxito!
2026-05-20 12:32:38,946 - [INFO] - ========================================================
2026-05-20 12:32:38,947 - [INFO] -   INICIANDO PROCESAMIENTO CONSOLIDADO - GENESYS ENGAGED 
2026-05-20 12:32:38,948 - [INFO] - ========================================================
2026-05-20 12:32:38,948 - [INFO] - Iniciando descarga de datos desde el formulario de Google Sheets...
2026-05-20 12:32:45,290 - [INFO] - Cargando fuentes de datos externas...
2026-05-20 12:32:45,292 - [INFO] - Realizando limpieza y carga de Base de Dotación...
2026-05-20 12:32:45,922 - [INFO] - Aplicando transformaciones y cruces de información...
2026-05-20 12:32:45,953 - [INFO] - Realizando cruce final con Base de Dotación por campo ANDES...
2026-05-20 12:32:45,963 - [WARNING] - No se pudo realizar el cruce con Llamada x agente.
2026-05-20 12:32:45,967 - [INFO] - Guardando reporte consolidado final en: C:\Users\User\Grupo de Servicios Integrales Chile S.A\Mildred Casas - VTR Operaciones\02.Migracion\10.Corte Migracion\Formulario Engaged.xlsx
2026-05-20 12:32:55,189 - [INFO] - ¡Proceso de automatización y cruces finalizado con éxito!
2026-05-20 12:41:32,046 - [INFO] - ========================================================
2026-05-20 12:41:32,047 - [INFO] -   INICIANDO PROCESAMIENTO CONSOLIDADO - GENESYS ENGAGED 
2026-05-20 12:41:32,047 - [INFO] - ========================================================
2026-05-20 12:41:32,048 - [INFO] - Iniciando descarga de datos desde el formulario de Google Sheets...
2026-05-20 12:41:37,964 - [INFO] - Cargando fuentes de datos externas...
2026-05-20 12:41:37,965 - [INFO] - Realizando limpieza y carga de Base de Dotación...
2026-05-20 12:41:38,603 - [INFO] - Aplicando transformaciones y cruces de información...
2026-05-20 12:41:38,873 - [INFO] - Realizando cruce final con Base de Dotación por campo ANDES...
2026-05-20 12:41:38,980 - [WARNING] - No se pudo realizar el cruce con Llamada x agente.
2026-05-20 12:41:38,983 - [INFO] - Columna 'Unnamed: 18' eliminada con éxito.
2026-05-20 12:41:38,983 - [INFO] - Guardando reporte consolidado final en: C:\Users\User\Grupo de Servicios Integrales Chile S.A\Mildred Casas - VTR Operaciones\02.Migracion\10.Corte Migracion\Formulario Engaged.xlsx
2026-05-20 12:41:47,542 - [INFO] - ¡Proceso de automatización y cruces finalizado con éxito!
2026-05-20 12:54:44,421 - [INFO] -   INICIANDO PROCESAMIENTO CONSOLIDADO - GENESYS ENGAGED 
2026-05-20 12:54:44,422 - [INFO] - Iniciando descarga de datos desde el formulario de Google Sheets...
2026-05-20 12:54:50,874 - [INFO] - Cargando fuentes de datos externas...
2026-05-20 12:54:50,875 - [INFO] - Realizando limpieza y carga de Base de Dotación...
2026-05-20 12:54:51,526 - [INFO] - Aplicando transformaciones y cruces de información...
2026-05-20 12:54:51,805 - [INFO] - Realizando cruce final con Base de Dotación por campo ANDES...
2026-05-20 12:54:51,918 - [WARNING] - No se pudo realizar el cruce con Llamada x agente.
2026-05-20 12:54:51,921 - [INFO] - Guardando reporte consolidado final en: C:\Users\User\Grupo de Servicios Integrales Chile S.A\Mildred Casas - VTR Operaciones\02.Migracion\10.Corte Migracion\Formulario Engaged.xlsx
2026-05-20 12:55:00,466 - [INFO] - ¡Proceso de automatización y cruces finalizado con éxito!
2026-05-20 13:05:18,135 - [INFO] -   INICIANDO PROCESAMIENTO CONSOLIDADO - GENESYS ENGAGED 
2026-05-20 13:05:18,135 - [INFO] - Iniciando descarga de datos desde el formulario de Google Sheets...
2026-05-20 13:05:24,938 - [INFO] - Cargando fuentes de datos externas...
2026-05-20 13:05:24,940 - [INFO] - Realizando cruce con la dotación...
2026-05-20 13:05:25,669 - [INFO] - Aplicando transformaciones y cruces de información...
2026-05-20 13:05:25,957 - [INFO] - Realizando cruce final con Base de Dotación por campo ANDES...
2026-05-20 13:05:26,059 - [WARNING] - No se pudo realizar el cruce con Llamada x agente.
2026-05-20 13:05:26,062 - [INFO] - Guardando reporte consolidado final en: C:\Users\User\Grupo de Servicios Integrales Chile S.A\Mildred Casas - VTR Operaciones\02.Migracion\10.Corte Migracion\Formulario Engaged.xlsx
2026-05-20 13:05:35,498 - [INFO] - ¡Proceso de automatización y cruces finalizado con éxito!
2026-05-20 13:08:53,510 - [INFO] - Iniciando descarga de datos desde el formulario de Google Sheets...
2026-05-20 13:09:00,790 - [INFO] - Cargando fuentes de datos externas...
2026-05-20 13:09:00,791 - [INFO] - Realizando cruce con la dotación...
2026-05-20 13:09:01,629 - [INFO] - Cruce de información...
2026-05-20 13:09:02,136 - [WARNING] - No se pudo realizar el cruce con Llamada x agente.
2026-05-20 13:09:02,142 - [INFO] - Guardando reporte consolidado final en: C:\Users\User\Grupo de Servicios Integrales Chile S.A\Mildred Casas - VTR Operaciones\02.Migracion\10.Corte Migracion\Formulario Engaged.xlsx
2026-05-20 13:09:15,851 - [INFO] - ¡Proceso de automatización y cruces finalizado con éxito!
2026-05-20 16:06:32,635 - [INFO] - ¡Reporte guardado exitosamente en: C:\Users\User\Grupo de Servicios Integrales Chile S.A\Mildred Casas - VTR Operaciones\02.Migracion\10.Corte Migracion\Formulario Engaged.xlsx!
2026-05-20 16:07:31,633 - [INFO] - ¡Reporte guardado exitosamente en: C:\Users\User\Grupo de Servicios Integrales Chile S.A\Mildred Casas - VTR Operaciones\02.Migracion\10.Corte Migracion\Formulario Engaged.xlsx!
2026-05-20 16:16:34,199 - [INFO] - ¡Reporte guardado exitosamente en: C:\Users\User\Grupo de Servicios Integrales Chile S.A\Mildred Casas - VTR Operaciones\02.Migracion\10.Corte Migracion\Formulario Engaged.xlsx!
2026-05-20 16:24:30,151 - [ERROR] - Error crítico en la ejecución del proceso: [Errno 13] Permission denied: 'C:\\Users\\User\\Grupo de Servicios Integrales Chile S.A\\Mildred Casas - VTR Operaciones\\02.Migracion\\10.Corte Migracion\\Formulario Engaged.xlsx'
2026-05-20 16:25:04,281 - [INFO] - Iniciando descarga de datos desde el formulario de Google Sheets...
2026-05-20 16:25:11,023 - [INFO] - Cargando fuentes de datos externas...
2026-05-20 16:25:11,024 - [INFO] - Realizando cruce con la dotación...
2026-05-20 16:25:11,642 - [INFO] - Cruce de información...
2026-05-20 16:25:12,044 - [WARNING] - No se pudo realizar el cruce con Llamada x agente.
2026-05-20 16:25:12,047 - [INFO] - Guardando reporte consolidado final en: C:\Users\User\Grupo de Servicios Integrales Chile S.A\Mildred Casas - VTR Operaciones\02.Migracion\10.Corte Migracion\Formulario Engaged.xlsx
2026-05-20 16:25:22,283 - [INFO] - ¡Proceso de automatización y cruces finalizado con éxito!
2026-05-20 16:25:56,668 - [INFO] - Iniciando descarga de datos desde el formulario de Google Sheets...
2026-05-20 16:26:02,838 - [INFO] - Cargando fuentes de datos externas...
2026-05-20 16:26:02,839 - [INFO] - Realizando cruce con la dotación...
2026-05-20 16:26:03,553 - [INFO] - Cruce de información...
2026-05-20 16:26:03,921 - [WARNING] - No se pudo realizar el cruce con Llamada x agente.
2026-05-20 16:26:03,924 - [INFO] - Guardando reporte consolidado final en: C:\Users\User\Grupo de Servicios Integrales Chile S.A\Mildred Casas - VTR Operaciones\02.Migracion\10.Corte Migracion\Formulario Engaged.xlsx
2026-05-20 16:26:11,933 - [INFO] - ¡Proceso de automatización y cruces finalizado con éxito!
2026-05-20 16:27:21,898 - [INFO] - Iniciando descarga de datos desde el formulario de Google Sheets...
2026-05-20 16:27:28,028 - [INFO] - Cargando fuentes de datos externas...
2026-05-20 16:27:28,029 - [INFO] - Realizando cruce con la dotación...
2026-05-20 16:27:28,665 - [INFO] - Cruce de información...
2026-05-20 16:27:29,008 - [WARNING] - No se pudo realizar el cruce con Llamada x agente.
2026-05-20 16:27:29,012 - [INFO] - Guardando reporte consolidado final en: C:\Users\User\Grupo de Servicios Integrales Chile S.A\Mildred Casas - VTR Operaciones\02.Migracion\10.Corte Migracion\Formulario Engaged.xlsx
2026-05-20 16:27:36,958 - [INFO] - ¡Proceso de automatización y cruces finalizado con éxito!
2026-05-20 16:28:40,197 - [INFO] - ¡Reporte guardado exitosamente en: C:\Users\User\Grupo de Servicios Integrales Chile S.A\Mildred Casas - VTR Operaciones\02.Migracion\10.Corte Migracion\Formulario Engaged.xlsx!
2026-05-20 16:32:54,388 - [INFO] - ¡Reporte guardado exitosamente en: C:\Users\User\Grupo de Servicios Integrales Chile S.A\Mildred Casas - VTR Operaciones\02.Migracion\10.Corte Migracion\Formulario Engaged.xlsx!
2026-05-20 16:33:18,101 - [INFO] - ¡Reporte guardado exitosamente en: C:\Users\User\Grupo de Servicios Integrales Chile S.A\Mildred Casas - VTR Operaciones\02.Migracion\10.Corte Migracion\Formulario Engaged.xlsx!
2026-05-20 16:35:49,207 - [INFO] - ¡Reporte guardado exitosamente en: C:\\Users\\User\\Grupo de Servicios Integrales Chile S.A\\Mildred Casas - VTR Operaciones\\02.Migracion\\10.Corte Migracion\\Formulario Engaged.xlsx!
2026-05-22 08:40:59,421 - [INFO] - ¡Reporte guardado exitosamente en: C:\\Users\\User\\Grupo de Servicios Integrales Chile S.A\\Mildred Casas - VTR Operaciones\\02.Migracion\\10.Corte Migracion\\Formulario Engaged.xlsx!
2026-05-22 08:58:34,957 - [INFO] - ¡Reporte guardado exitosamente en: C:\Users\User\Grupo de Servicios Integrales Chile S.A\Mildred Casas - VTR Operaciones\02.Migracion\10.Corte Migracion\Formulario Engaged.xlsx!
2026-05-22 09:11:52,152 - [INFO] - ¡Reporte guardado exitosamente en: C:\\Users\\User\\Grupo de Servicios Integrales Chile S.A\\Mildred Casas - VTR Operaciones\\02.Migracion\\10.Corte Migracion\\Formulario Engaged.xlsx!
2026-05-22 13:57:58,752 - [INFO] - ¡Reporte guardado exitosamente en: C:\Users\User\Grupo de Servicios Integrales Chile S.A\Mildred Casas - VTR Operaciones\02.Migracion\10.Corte Migracion\Formulario Engaged.xlsx!
2026-05-22 14:06:46,973 - [INFO] - ¡Reporte guardado exitosamente en: C:\Users\User\Grupo de Servicios Integrales Chile S.A\Mildred Casas - VTR Operaciones\02.Migracion\10.Corte Migracion\Formulario Engaged.xlsx!
2026-05-22 14:09:22,348 - [INFO] - ¡Reporte guardado exitosamente en: C:\Users\User\Grupo de Servicios Integrales Chile S.A\Mildred Casas - VTR Operaciones\02.Migracion\10.Corte Migracion\Formulario Engaged.xlsx con sus hojas correspondientes!
2026-05-25 12:05:55,855 - [INFO] - ¡Reporte guardado exitosamente en: C:\Users\User\Grupo de Servicios Integrales Chile S.A\Mildred Casas - VTR Operaciones\02.Migracion\10.Corte Migracion\Formulario Engaged.xlsx con sus hojas correspondientes!
2026-05-25 12:39:48,686 - [INFO] - Conteo: Base Engaged_01 (20260525).rsl tiene 772 registros.
2026-05-25 12:39:48,761 - [INFO] - Conteo: Base Engaged_02 (20260525).rsl tiene 4281 registros.
2026-05-25 12:40:08,144 - [INFO] - ¡Reporte guardado exitosamente en: C:\Users\User\Grupo de Servicios Integrales Chile S.A\Mildred Casas - VTR Operaciones\02.Migracion\10.Corte Migracion\Formulario Engaged.xlsx con sus hojas correspondientes!
2026-05-25 12:42:40,649 - [INFO] - Conteo: Base Engaged_01 (20260525).rsl tiene 772 registros.
2026-05-25 12:42:40,729 - [INFO] - Conteo: Base Engaged_02 (20260525).rsl tiene 4281 registros.
2026-05-25 12:43:01,481 - [INFO] - ¡Reporte guardado exitosamente en: C:\Users\User\Grupo de Servicios Integrales Chile S.A\Mildred Casas - VTR Operaciones\02.Migracion\10.Corte Migracion\Formulario Engaged.xlsx con sus hojas correspondientes!
2026-05-25 12:43:39,813 - [INFO] - Conteo: Base Engaged_01 (20260525).rsl tiene 5019 registros.
2026-05-25 12:43:39,974 - [INFO] - Conteo: Base Engaged_02 (20260525).rsl tiene 5021 registros.
2026-05-25 12:44:04,143 - [INFO] - ¡Reporte guardado exitosamente en: C:\Users\User\Grupo de Servicios Integrales Chile S.A\Mildred Casas - VTR Operaciones\02.Migracion\10.Corte Migracion\Formulario Engaged.xlsx con sus hojas correspondientes!
2026-05-25 12:55:31,836 - [INFO] - Conteo: Base Engaged_01 (20260525).rsl tiene 5019 registros.
2026-05-25 12:55:31,915 - [INFO] - Conteo: Base Engaged_02 (20260525).rsl tiene 5021 registros.
2026-05-25 12:55:41,307 - [INFO] - ¡Reporte guardado exitosamente en: C:\Users\User\Grupo de Servicios Integrales Chile S.A\Mildred Casas - VTR Operaciones\02.Migracion\10.Corte Migracion\Formulario Engaged.xlsx con sus hojas correspondientes!
2026-05-25 13:55:20,133 - [INFO] - Conteo: Base Engaged_01 (20260525).rsl tiene 5019 registros.
2026-05-25 13:55:20,270 - [INFO] - Conteo: Base Engaged_02 (20260525).rsl tiene 5021 registros.
2026-05-25 13:55:29,524 - [INFO] - ¡Reporte guardado exitosamente en: C:\\Users\\User\\Grupo de Servicios Integrales Chile S.A\\Mildred Casas - VTR Operaciones\\02.Migracion\\10.Corte Migracion\\Formulario Engaged.xlsx con sus hojas correspondientes!
2026-05-25 14:05:22,544 - [INFO] - Conteo: Base Engaged_01 (20260525).rsl tiene 5019 registros.
2026-05-25 14:05:22,756 - [INFO] - Conteo: Base Engaged_02 (20260525).rsl tiene 5021 registros.
2026-05-25 14:05:58,720 - [INFO] - ¡Reporte guardado exitosamente en: C:\\Users\\User\\Grupo de Servicios Integrales Chile S.A\\Mildred Casas - VTR Operaciones\\02.Migracion\\10.Corte Migracion\\Formulario Engaged.xlsx con sus hojas correspondientes!
2026-05-25 15:05:17,907 - [INFO] - Conteo: Base Engaged_01 (20260525).rsl tiene 5019 registros.
2026-05-25 15:05:17,997 - [INFO] - Conteo: Base Engaged_02 (20260525).rsl tiene 5021 registros.
2026-05-25 15:05:27,238 - [INFO] - ¡Reporte guardado exitosamente en: C:\\Users\\User\\Grupo de Servicios Integrales Chile S.A\\Mildred Casas - VTR Operaciones\\02.Migracion\\10.Corte Migracion\\Formulario Engaged.xlsx con sus hojas correspondientes!
2026-05-25 16:10:18,368 - [INFO] - Conteo: Base Engaged_01 (20260525).rsl tiene 5019 registros.
2026-05-25 16:10:18,670 - [INFO] - Conteo: Base Engaged_02 (20260525).rsl tiene 5021 registros.
2026-05-25 16:10:45,466 - [INFO] - ¡Reporte guardado exitosamente en: C:\\Users\\User\\Grupo de Servicios Integrales Chile S.A\\Mildred Casas - VTR Operaciones\\02.Migracion\\10.Corte Migracion\\Formulario Engaged.xlsx con sus hojas correspondientes!
2026-05-26 09:01:00,722 - [INFO] - Conteo: Base Engaged_01 (20260526).rsl tiene 5331 registros.
2026-05-26 09:01:27,493 - [INFO] - Conteo: Base Engaged_02 (20260526).rsl tiene 5333 registros.
2026-05-26 09:02:35,913 - [INFO] - ¡Reporte guardado exitosamente en: C:\\Users\\User\\Grupo de Servicios Integrales Chile S.A\\Mildred Casas - VTR Operaciones\\02.Migracion\\10.Corte Migracion\\Formulario Engaged.xlsx con sus hojas correspondientes!
2026-05-26 09:05:36,877 - [INFO] - Conteo: Base Engaged_01 (20260526).rsl tiene 5331 registros.
2026-05-26 09:05:37,154 - [INFO] - Conteo: Base Engaged_02 (20260526).rsl tiene 5333 registros.
2026-05-26 09:06:11,398 - [INFO] - ¡Reporte guardado exitosamente en: C:\\Users\\User\\Grupo de Servicios Integrales Chile S.A\\Mildred Casas - VTR Operaciones\\02.Migracion\\10.Corte Migracion\\Formulario Engaged.xlsx con sus hojas correspondientes!
2026-05-26 09:59:39,854 - [INFO] - Conteo: Base Engaged_01 (20260526).rsl tiene 5331 registros.
2026-05-26 09:59:40,163 - [INFO] - Conteo: Base Engaged_02 (20260526).rsl tiene 5333 registros.
2026-05-26 10:00:17,796 - [INFO] - ¡Reporte guardado exitosamente en: C:\\Users\\User\\Grupo de Servicios Integrales Chile S.A\\Mildred Casas - VTR Operaciones\\02.Migracion\\10.Corte Migracion\\Formulario Engaged.xlsx con sus hojas correspondientes!
2026-05-26 10:05:15,518 - [INFO] - Conteo: Base Engaged_01 (20260526).rsl tiene 5331 registros.
2026-05-26 10:05:15,636 - [INFO] - Conteo: Base Engaged_02 (20260526).rsl tiene 5333 registros.
2026-05-26 10:05:25,250 - [INFO] - ¡Reporte guardado exitosamente en: C:\\Users\\User\\Grupo de Servicios Integrales Chile S.A\\Mildred Casas - VTR Operaciones\\02.Migracion\\10.Corte Migracion\\Formulario Engaged.xlsx con sus hojas correspondientes!
2026-05-26 10:59:24,058 - [INFO] - Conteo: Base Engaged_01 (20260526).rsl tiene 5331 registros.
2026-05-26 10:59:24,303 - [INFO] - Conteo: Base Engaged_02 (20260526).rsl tiene 5333 registros.
2026-05-26 10:59:49,328 - [INFO] - ¡Reporte guardado exitosamente en: C:\\Users\\User\\Grupo de Servicios Integrales Chile S.A\\Mildred Casas - VTR Operaciones\\02.Migracion\\10.Corte Migracion\\Formulario Engaged.xlsx con sus hojas correspondientes!
2026-05-26 11:05:25,810 - [INFO] - Conteo: Base Engaged_01 (20260526).rsl tiene 5331 registros.
2026-05-26 11:05:26,078 - [INFO] - Conteo: Base Engaged_02 (20260526).rsl tiene 5333 registros.
2026-05-26 11:06:02,151 - [INFO] - ¡Reporte guardado exitosamente en: C:\\Users\\User\\Grupo de Servicios Integrales Chile S.A\\Mildred Casas - VTR Operaciones\\02.Migracion\\10.Corte Migracion\\Formulario Engaged.xlsx con sus hojas correspondientes!
2026-05-26 11:59:15,084 - [INFO] - Conteo: Base Engaged_01 (20260526).rsl tiene 5331 registros.
2026-05-26 11:59:15,283 - [INFO] - Conteo: Base Engaged_02 (20260526).rsl tiene 5333 registros.
2026-05-26 11:59:38,438 - [INFO] - ¡Reporte guardado exitosamente en: C:\\Users\\User\\Grupo de Servicios Integrales Chile S.A\\Mildred Casas - VTR Operaciones\\02.Migracion\\10.Corte Migracion\\Formulario Engaged.xlsx con sus hojas correspondientes!
2026-05-26 12:26:20,482 - [INFO] - Conteo: Base Engaged_01 (20260526).rsl tiene 5331 registros.
2026-05-26 12:26:20,568 - [INFO] - Conteo: Base Engaged_02 (20260526).rsl tiene 5333 registros.
2026-05-26 12:26:35,049 - [INFO] - ¡Reporte guardado exitosamente en: C:\\Users\\User\\Grupo de Servicios Integrales Chile S.A\\Mildred Casas - VTR Operaciones\\02.Migracion\\10.Corte Migracion\\Formulario Engaged.xlsx con sus hojas correspondientes!
2026-05-26 12:51:31,388 - [INFO] - Conteo: Base Engaged_01 (20260526).rsl tiene 5331 registros.
2026-05-26 12:51:31,494 - [INFO] - Conteo: Base Engaged_02 (20260526).rsl tiene 5333 registros.
2026-05-26 12:51:41,279 - [INFO] - ¡Reporte guardado exitosamente en: C:\\Users\\User\\Grupo de Servicios Integrales Chile S.A\\Mildred Casas - VTR Operaciones\\02.Migracion\\10.Corte Migracion\\Formulario Engaged.xlsx con sus hojas correspondientes!
2026-05-26 12:55:47,416 - [WARNING] - ⚠️ No se cruzaron los Turnos: El archivo 'Malla de Turnos' está vacío o no se cargó.
2026-05-26 12:55:47,539 - [INFO] - Conteo: Base Engaged_01 (20260526).rsl tiene 5331 registros.
2026-05-26 12:55:47,622 - [INFO] - Conteo: Base Engaged_02 (20260526).rsl tiene 5333 registros.
2026-05-26 12:55:56,983 - [INFO] - ¡Reporte guardado exitosamente en: C:\\Users\\User\\Grupo de Servicios Integrales Chile S.A\\Mildred Casas - VTR Operaciones\\02.Migracion\\10.Corte Migracion\\Formulario Engaged.xlsx con sus hojas correspondientes!
2026-05-26 12:59:02,172 - [ERROR] - Error crítico: Response ended prematurely
2026-05-26 13:01:12,086 - [INFO] - ✅ Cruce de Malla de Turnos realizado con éxito.
2026-05-26 13:01:12,214 - [INFO] - Conteo: Base Engaged_01 (20260526).rsl tiene 5331 registros.
2026-05-26 13:01:12,297 - [INFO] - Conteo: Base Engaged_02 (20260526).rsl tiene 5333 registros.
2026-05-26 13:01:22,259 - [INFO] - ¡Reporte guardado exitosamente en: C:\\Users\\User\\Grupo de Servicios Integrales Chile S.A\\Mildred Casas - VTR Operaciones\\02.Migracion\\10.Corte Migracion\\Formulario Engaged.xlsx con sus hojas correspondientes!
2026-05-26 13:48:04,768 - [INFO] - ✅ Cruce de Malla de Turnos realizado con éxito.
2026-05-26 13:48:04,911 - [INFO] - Conteo: Base Engaged_01 (20260526).rsl tiene 5331 registros.
2026-05-26 13:48:04,997 - [INFO] - Conteo: Base Engaged_02 (20260526).rsl tiene 5333 registros.
2026-05-26 13:48:32,035 - [INFO] - ¡Reporte guardado exitosamente en: C:\\Users\\User\\Grupo de Servicios Integrales Chile S.A\\Mildred Casas - VTR Operaciones\\02.Migracion\\10.Corte Migracion\\Formulario Engaged.xlsx con sus hojas correspondientes!
2026-05-26 13:59:24,834 - [INFO] - ✅ Cruce de Malla de Turnos realizado con éxito.
2026-05-26 13:59:25,234 - [INFO] - Conteo: Base Engaged_01 (20260526).rsl tiene 5331 registros.
2026-05-26 13:59:25,519 - [INFO] - Conteo: Base Engaged_02 (20260526).rsl tiene 5333 registros.
2026-05-26 14:00:02,660 - [INFO] - ¡Reporte guardado exitosamente en: C:\\Users\\User\\Grupo de Servicios Integrales Chile S.A\\Mildred Casas - VTR Operaciones\\02.Migracion\\10.Corte Migracion\\Formulario Engaged.xlsx con sus hojas correspondientes!
2026-05-26 14:59:21,697 - [INFO] - ✅ Cruce de Malla de Turnos realizado con éxito.
2026-05-26 14:59:22,017 - [INFO] - Conteo: Base Engaged_01 (20260526).rsl tiene 5331 registros.
2026-05-26 14:59:22,253 - [INFO] - Conteo: Base Engaged_02 (20260526).rsl tiene 5333 registros.
2026-05-26 14:59:55,413 - [INFO] - ¡Reporte guardado exitosamente en: C:\\Users\\User\\Grupo de Servicios Integrales Chile S.A\\Mildred Casas - VTR Operaciones\\02.Migracion\\10.Corte Migracion\\Formulario Engaged.xlsx con sus hojas correspondientes!
2026-05-26 15:59:24,535 - [INFO] - ✅ Cruce de Malla de Turnos realizado con éxito.
2026-05-26 15:59:25,280 - [INFO] - Conteo: Base Engaged_01 (20260526).rsl tiene 5331 registros.
2026-05-26 15:59:25,699 - [INFO] - Conteo: Base Engaged_02 (20260526).rsl tiene 5333 registros.
2026-05-26 16:00:02,557 - [INFO] - ¡Reporte guardado exitosamente en: C:\\Users\\User\\Grupo de Servicios Integrales Chile S.A\\Mildred Casas - VTR Operaciones\\02.Migracion\\10.Corte Migracion\\Formulario Engaged.xlsx con sus hojas correspondientes!
2026-05-26 16:59:09,071 - [INFO] - ✅ Cruce de Malla de Turnos realizado con éxito.
2026-05-26 16:59:09,194 - [INFO] - Conteo: Base Engaged_01 (20260526).rsl tiene 5331 registros.
2026-05-26 16:59:09,281 - [INFO] - Conteo: Base Engaged_02 (20260526).rsl tiene 5333 registros.
2026-05-26 16:59:35,333 - [INFO] - ¡Reporte guardado exitosamente en: C:\\Users\\User\\Grupo de Servicios Integrales Chile S.A\\Mildred Casas - VTR Operaciones\\02.Migracion\\10.Corte Migracion\\Formulario Engaged.xlsx con sus hojas correspondientes!
2026-05-27 09:47:14,645 - [INFO] - ✅ Cruce de Malla de Turnos realizado con éxito.
2026-05-27 09:47:15,019 - [INFO] - Conteo: Base Engaged_01 (20260526).rsl tiene 5331 registros.
2026-05-27 09:47:15,267 - [INFO] - Conteo: Base Engaged_02 (20260526).rsl tiene 5333 registros.
2026-05-27 09:47:42,616 - [INFO] - ¡Reporte guardado exitosamente en: C:\\Users\\User\\Grupo de Servicios Integrales Chile S.A\\Mildred Casas - VTR Operaciones\\02.Migracion\\10.Corte Migracion\\Formulario Engaged.xlsx con sus hojas correspondientes!
2026-05-27 09:59:14,453 - [INFO] - ✅ Cruce de Malla de Turnos realizado con éxito.
2026-05-27 09:59:14,665 - [INFO] - Conteo: Base Engaged_01 (20260526).rsl tiene 5331 registros.
2026-05-27 09:59:14,857 - [INFO] - Conteo: Base Engaged_02 (20260526).rsl tiene 5333 registros.
2026-05-27 09:59:45,704 - [INFO] - ¡Reporte guardado exitosamente en: C:\\Users\\User\\Grupo de Servicios Integrales Chile S.A\\Mildred Casas - VTR Operaciones\\02.Migracion\\10.Corte Migracion\\Formulario Engaged.xlsx con sus hojas correspondientes!
2026-05-27 10:46:44,137 - [INFO] - ✅ Cruce de Malla de Turnos realizado con éxito.
2026-05-27 10:46:44,457 - [INFO] - Conteo: Base Engaged_01 (20260526).rsl tiene 5331 registros.
2026-05-27 10:46:44,738 - [INFO] - Conteo: Base Engaged_02 (20260526).rsl tiene 5333 registros.
2026-05-27 10:46:55,587 - [INFO] - ¡Reporte guardado exitosamente en: C:\\Users\\User\\Grupo de Servicios Integrales Chile S.A\\Mildred Casas - VTR Operaciones\\02.Migracion\\10.Corte Migracion\\Formulario Engaged.xlsx con sus hojas correspondientes!
2026-05-27 11:01:38,988 - [INFO] - ✅ Cruce de Malla de Turnos realizado con éxito.
2026-05-27 11:01:39,239 - [INFO] - Conteo: Base Engaged_01 (20260526).rsl tiene 5331 registros.
2026-05-27 11:01:39,423 - [INFO] - Conteo: Base Engaged_02 (20260526).rsl tiene 5333 registros.
2026-05-27 11:02:06,579 - [INFO] - ¡Reporte guardado exitosamente en: C:\\Users\\User\\Grupo de Servicios Integrales Chile S.A\\Mildred Casas - VTR Operaciones\\02.Migracion\\10.Corte Migracion\\Formulario Engaged.xlsx con sus hojas correspondientes!
2026-05-27 11:46:49,328 - [INFO] - ✅ Cruce de Malla de Turnos realizado con éxito.
2026-05-27 11:46:49,614 - [INFO] - Conteo: Base Engaged_01 (20260526).rsl tiene 5331 registros.
2026-05-27 11:46:49,821 - [INFO] - Conteo: Base Engaged_02 (20260526).rsl tiene 5333 registros.
2026-05-27 11:47:24,369 - [INFO] - ¡Reporte guardado exitosamente en: C:\\Users\\User\\Grupo de Servicios Integrales Chile S.A\\Mildred Casas - VTR Operaciones\\02.Migracion\\10.Corte Migracion\\Formulario Engaged.xlsx con sus hojas correspondientes!
2026-05-27 11:59:18,040 - [INFO] - ✅ Cruce de Malla de Turnos realizado con éxito.
2026-05-27 11:59:18,469 - [INFO] - Conteo: Base Engaged_01 (20260526).rsl tiene 5331 registros.
2026-05-27 11:59:18,742 - [INFO] - Conteo: Base Engaged_02 (20260526).rsl tiene 5333 registros.
2026-05-27 11:59:56,632 - [INFO] - ¡Reporte guardado exitosamente en: C:\\Users\\User\\Grupo de Servicios Integrales Chile S.A\\Mildred Casas - VTR Operaciones\\02.Migracion\\10.Corte Migracion\\Formulario Engaged.xlsx con sus hojas correspondientes!
2026-05-27 12:46:32,835 - [INFO] - ✅ Cruce de Malla de Turnos realizado con éxito.
2026-05-27 12:46:32,992 - [INFO] - Conteo: Base Engaged_01 (20260526).rsl tiene 5331 registros.
2026-05-27 12:46:33,099 - [INFO] - Conteo: Base Engaged_02 (20260526).rsl tiene 5333 registros.
2026-05-27 12:46:43,153 - [INFO] - ¡Reporte guardado exitosamente en: C:\\Users\\User\\Grupo de Servicios Integrales Chile S.A\\Mildred Casas - VTR Operaciones\\02.Migracion\\10.Corte Migracion\\Formulario Engaged.xlsx con sus hojas correspondientes!
2026-05-27 13:46:32,429 - [INFO] - ✅ Cruce de Malla de Turnos realizado con éxito.
2026-05-27 13:46:32,548 - [INFO] - Conteo: Base Engaged_01 (20260526).rsl tiene 5331 registros.
2026-05-27 13:46:32,661 - [INFO] - Conteo: Base Engaged_02 (20260526).rsl tiene 5333 registros.
2026-05-27 13:46:41,632 - [INFO] - ¡Reporte guardado exitosamente en: C:\\Users\\User\\Grupo de Servicios Integrales Chile S.A\\Mildred Casas - VTR Operaciones\\02.Migracion\\10.Corte Migracion\\Formulario Engaged.xlsx con sus hojas correspondientes!
2026-05-27 14:46:45,654 - [INFO] - ✅ Cruce de Malla de Turnos realizado con éxito.
2026-05-27 14:46:45,946 - [INFO] - Conteo: Base Engaged_01 (20260526).rsl tiene 5331 registros.
2026-05-27 14:46:46,152 - [INFO] - Conteo: Base Engaged_02 (20260526).rsl tiene 5333 registros.
2026-05-27 14:47:19,566 - [INFO] - ¡Reporte guardado exitosamente en: C:\\Users\\User\\Grupo de Servicios Integrales Chile S.A\\Mildred Casas - VTR Operaciones\\02.Migracion\\10.Corte Migracion\\Formulario Engaged.xlsx con sus hojas correspondientes!
2026-05-27 15:47:50,377 - [INFO] - ✅ Cruce de Malla de Turnos realizado con éxito.
2026-05-27 15:47:50,719 - [INFO] - Conteo: Base Engaged_01 (20260526).rsl tiene 5331 registros.
2026-05-27 15:47:50,942 - [INFO] - Conteo: Base Engaged_02 (20260526).rsl tiene 5333 registros.
2026-05-27 15:48:22,636 - [INFO] - ¡Reporte guardado exitosamente en: C:\\Users\\User\\Grupo de Servicios Integrales Chile S.A\\Mildred Casas - VTR Operaciones\\02.Migracion\\10.Corte Migracion\\Formulario Engaged.xlsx con sus hojas correspondientes!
2026-05-27 16:46:36,641 - [INFO] - ✅ Cruce de Malla de Turnos realizado con éxito.
2026-05-27 16:46:36,828 - [INFO] - Conteo: Base Engaged_01 (20260526).rsl tiene 5331 registros.
2026-05-27 16:46:36,941 - [INFO] - Conteo: Base Engaged_02 (20260526).rsl tiene 5333 registros.
2026-05-27 16:46:57,861 - [INFO] - ¡Reporte guardado exitosamente en: C:\\Users\\User\\Grupo de Servicios Integrales Chile S.A\\Mildred Casas - VTR Operaciones\\02.Migracion\\10.Corte Migracion\\Formulario Engaged.xlsx con sus hojas correspondientes!
2026-05-28 09:59:20,369 - [INFO] - ✅ Cruce de Malla de Turnos realizado con éxito.
2026-05-28 09:59:20,683 - [INFO] - Conteo: Base Engaged_01 (20260526).rsl tiene 5331 registros.
2026-05-28 09:59:20,891 - [INFO] - Conteo: Base Engaged_02 (20260526).rsl tiene 5333 registros.
2026-05-28 09:59:44,808 - [INFO] - ¡Reporte guardado exitosamente en: C:\\Users\\User\\Grupo de Servicios Integrales Chile S.A\\Mildred Casas - VTR Operaciones\\02.Migracion\\10.Corte Migracion\\Formulario Engaged.xlsx con sus hojas correspondientes!
2026-05-28 10:05:13,711 - [INFO] - ✅ Cruce de Malla de Turnos realizado con éxito.
2026-05-28 10:05:13,821 - [INFO] - Conteo: Base Engaged_01 (20260526).rsl tiene 5331 registros.
2026-05-28 10:05:13,901 - [INFO] - Conteo: Base Engaged_02 (20260526).rsl tiene 5333 registros.
2026-05-28 10:05:36,316 - [INFO] - ¡Reporte guardado exitosamente en: C:\\Users\\User\\Grupo de Servicios Integrales Chile S.A\\Mildred Casas - VTR Operaciones\\02.Migracion\\10.Corte Migracion\\Formulario Engaged.xlsx con sus hojas correspondientes!
2026-05-28 10:42:02,289 - [INFO] - ✅ Cruce de Malla de Turnos realizado con éxito.
2026-05-28 10:42:02,489 - [INFO] - Conteo: Base Engaged_01 (20260526).rsl tiene 5331 registros.
2026-05-28 10:42:02,615 - [INFO] - Conteo: Base Engaged_02 (20260526).rsl tiene 5333 registros.
2026-05-28 10:42:13,115 - [INFO] - ¡Reporte guardado exitosamente en: C:\\Users\\User\\Grupo de Servicios Integrales Chile S.A\\Mildred Casas - VTR Operaciones\\02.Migracion\\10.Corte Migracion\\Formulario Engaged.xlsx con sus hojas correspondientes!
2026-05-28 10:50:11,183 - [INFO] - ✅ Cruce de Malla de Turnos realizado con éxito.
2026-05-28 10:50:11,225 - [WARNING] - No se encontraron archivos .rsl para el conteo.
2026-05-28 10:50:21,494 - [INFO] - ¡Reporte guardado exitosamente en: C:\\Users\\User\\Grupo de Servicios Integrales Chile S.A\\Mildred Casas - VTR Operaciones\\02.Migracion\\10.Corte Migracion\\Formulario Engaged.xlsx con sus hojas correspondientes!
2026-05-28 11:05:20,082 - [INFO] - ✅ Cruce de Malla de Turnos realizado con éxito.
2026-05-28 11:05:20,203 - [WARNING] - No se encontraron archivos .rsl para el conteo.
2026-05-28 11:05:56,529 - [INFO] - ¡Reporte guardado exitosamente en: C:\\Users\\User\\Grupo de Servicios Integrales Chile S.A\\Mildred Casas - VTR Operaciones\\02.Migracion\\10.Corte Migracion\\Formulario Engaged.xlsx con sus hojas correspondientes!
2026-05-28 12:05:29,093 - [ERROR] - Error cargando Malla Turnos: [Errno 13] Permission denied: 'C:\\\\Users\\\\User\\\\Grupo de Servicios Integrales Chile S.A\\\\Mildred Casas - VTR Operaciones\\\\02.Migracion\\\\10.Corte Migracion\\\\Malla de turnos diaria.xlsx'
2026-05-28 12:05:30,073 - [WARNING] - ⚠️ No se cruzaron los Turnos: El archivo 'Malla de Turnos' está vacío o no se cargó.
2026-05-28 12:05:30,150 - [WARNING] - No se encontraron archivos .rsl para el conteo.
2026-05-28 12:06:03,940 - [INFO] - ¡Reporte guardado exitosamente en: C:\\Users\\User\\Grupo de Servicios Integrales Chile S.A\\Mildred Casas - VTR Operaciones\\02.Migracion\\10.Corte Migracion\\Formulario Engaged.xlsx con sus hojas correspondientes!
2026-05-28 12:30:58,310 - [INFO] - ✅ Cruce de Malla de Turnos realizado con éxito.
2026-05-28 12:30:58,367 - [WARNING] - No se encontraron archivos .rsl para el conteo.
2026-05-28 12:31:14,090 - [INFO] - ¡Reporte guardado exitosamente en: C:\\Users\\User\\Grupo de Servicios Integrales Chile S.A\\Mildred Casas - VTR Operaciones\\02.Migracion\\10.Corte Migracion\\Formulario Engaged.xlsx con sus hojas correspondientes!
2026-05-28 13:05:12,026 - [INFO] - ✅ Cruce de Malla de Turnos realizado con éxito.
2026-05-28 13:05:12,088 - [WARNING] - No se encontraron archivos .rsl para el conteo.
2026-05-28 13:05:22,721 - [INFO] - ¡Reporte guardado exitosamente en: C:\\Users\\User\\Grupo de Servicios Integrales Chile S.A\\Mildred Casas - VTR Operaciones\\02.Migracion\\10.Corte Migracion\\Formulario Engaged.xlsx con sus hojas correspondientes!
2026-05-28 14:05:14,350 - [ERROR] - Error crítico: Response ended prematurely
2026-05-28 14:12:22,283 - [INFO] - ✅ Cruce de Malla de Turnos realizado con éxito.
2026-05-28 14:12:22,666 - [WARNING] - No se encontraron archivos .rsl para el conteo.
2026-05-28 14:12:37,881 - [INFO] - ¡Reporte guardado exitosamente en: C:\\Users\\User\\Grupo de Servicios Integrales Chile S.A\\Mildred Casas - VTR Operaciones\\02.Migracion\\10.Corte Migracion\\Formulario Engaged.xlsx con sus hojas correspondientes!
2026-05-28 14:26:20,529 - [INFO] - ✅ Cruce de Malla de Turnos realizado con éxito.
2026-05-28 14:26:20,670 - [WARNING] - No se encontraron archivos .rsl para el conteo.
2026-05-28 14:26:32,408 - [INFO] - ¡Reporte guardado exitosamente en: C:\\Users\\User\\Grupo de Servicios Integrales Chile S.A\\Mildred Casas - VTR Operaciones\\02.Migracion\\10.Corte Migracion\\Formulario Engaged.xlsx con sus hojas correspondientes!
2026-05-28 15:05:27,372 - [INFO] - ✅ Cruce de Malla de Turnos realizado con éxito.
2026-05-28 15:05:27,495 - [WARNING] - No se encontraron archivos .rsl para el conteo.
2026-05-28 15:06:11,324 - [INFO] - ¡Reporte guardado exitosamente en: C:\\Users\\User\\Grupo de Servicios Integrales Chile S.A\\Mildred Casas - VTR Operaciones\\02.Migracion\\10.Corte Migracion\\Formulario Engaged.xlsx con sus hojas correspondientes!
2026-05-28 16:21:29,013 - [INFO] - ✅ Cruce de Malla de Turnos realizado con éxito.
2026-05-28 16:21:29,144 - [WARNING] - No se encontraron archivos .rsl para el conteo.
2026-05-28 16:22:13,273 - [INFO] - ¡Reporte guardado exitosamente en: C:\\Users\\User\\Grupo de Servicios Integrales Chile S.A\\Mildred Casas - VTR Operaciones\\02.Migracion\\10.Corte Migracion\\Formulario Engaged.xlsx con sus hojas correspondientes!
2026-05-28 17:05:20,219 - [INFO] - ✅ Cruce de Malla de Turnos realizado con éxito.
2026-05-28 17:05:20,278 - [WARNING] - No se encontraron archivos .rsl para el conteo.
2026-05-28 17:05:33,101 - [INFO] - ¡Reporte guardado exitosamente en: C:\\Users\\User\\Grupo de Servicios Integrales Chile S.A\\Mildred Casas - VTR Operaciones\\02.Migracion\\10.Corte Migracion\\Formulario Engaged.xlsx con sus hojas correspondientes!
2026-05-29 11:20:34,444 - [INFO] - ✅ Cruce de Malla de Turnos realizado con éxito.
2026-05-29 11:20:36,258 - [INFO] - Conteo: Base Engaged_01 (20260529).rsl tiene 3998 registros.
2026-05-29 11:20:38,689 - [INFO] - Conteo: Base Engaged_02 (20260529).rsl tiene 3998 registros.
2026-05-29 11:20:52,969 - [INFO] - ¡Reporte guardado exitosamente en: C:\\Users\\User\\Grupo de Servicios Integrales Chile S.A\\Mildred Casas - VTR Operaciones\\02.Migracion\\10.Corte Migracion\\Formulario Engaged.xlsx con sus hojas correspondientes!
2026-05-29 11:24:03,768 - [INFO] - ✅ Cruce de Malla de Turnos realizado con éxito.
2026-05-29 11:24:04,010 - [INFO] - Conteo: Base Engaged_01 (20260529).rsl tiene 3998 registros.
2026-05-29 11:24:04,125 - [INFO] - Conteo: Base Engaged_02 (20260529).rsl tiene 3998 registros.
2026-05-29 11:24:15,218 - [INFO] - ¡Reporte guardado exitosamente en: C:\\Users\\User\\Grupo de Servicios Integrales Chile S.A\\Mildred Casas - VTR Operaciones\\02.Migracion\\10.Corte Migracion\\Formulario Engaged.xlsx con sus hojas correspondientes!
2026-05-29 11:59:09,451 - [INFO] - ✅ Cruce de Malla de Turnos realizado con éxito.
2026-05-29 11:59:09,546 - [INFO] - Conteo: Base Engaged_01 (20260529).rsl tiene 3998 registros.
2026-05-29 11:59:09,622 - [INFO] - Conteo: Base Engaged_02 (20260529).rsl tiene 3998 registros.
2026-05-29 11:59:21,051 - [INFO] - ¡Reporte guardado exitosamente en: C:\\Users\\User\\Grupo de Servicios Integrales Chile S.A\\Mildred Casas - VTR Operaciones\\02.Migracion\\10.Corte Migracion\\Formulario Engaged.xlsx con sus hojas correspondientes!
2026-05-29 12:03:58,957 - [WARNING] - ⚠️ No se encontró la columna 'TIPO DE CAMPAÑA' en el formulario original.
2026-05-29 12:03:59,482 - [INFO] - ✅ Cruce de Malla de Turnos realizado con éxito.
2026-05-29 12:03:59,585 - [INFO] - Conteo: Base Engaged_01 (20260529).rsl tiene 3998 registros.
2026-05-29 12:03:59,651 - [INFO] - Conteo: Base Engaged_02 (20260529).rsl tiene 3998 registros.
2026-05-29 12:04:11,493 - [INFO] - ¡Reporte guardado exitosamente en: C:\\Users\\User\\Grupo de Servicios Integrales Chile S.A\\Mildred Casas - VTR Operaciones\\02.Migracion\\10.Corte Migracion\\Formulario Engaged.xlsx con sus hojas correspondientes!
2026-05-29 12:05:12,589 - [INFO] - Filtro aplicado de forma segura: Se excluyeron las campañas PILOTO CLOUD y MIGRACION NORMAL CLOUD.
2026-05-29 12:05:13,061 - [INFO] - ✅ Cruce de Malla de Turnos realizado con éxito.
2026-05-29 12:05:13,158 - [INFO] - Conteo: Base Engaged_01 (20260529).rsl tiene 3998 registros.
2026-05-29 12:05:13,218 - [INFO] - Conteo: Base Engaged_02 (20260529).rsl tiene 3998 registros.
2026-05-29 12:05:13,221 - [ERROR] - Error crítico: [Errno 13] Permission denied: 'C:\\\\Users\\\\User\\\\Grupo de Servicios Integrales Chile S.A\\\\Mildred Casas - VTR Operaciones\\\\02.Migracion\\\\10.Corte Migracion\\\\Formulario Engaged.xlsx'
2026-05-29 12:06:32,298 - [INFO] - Filtro aplicado de forma segura: Se excluyeron las campañas PILOTO CLOUD y MIGRACION NORMAL CLOUD.
2026-05-29 12:06:34,126 - [INFO] - ✅ Cruce de Malla de Turnos realizado con éxito.
2026-05-29 12:06:34,441 - [INFO] - Conteo: Base Engaged_01 (20260529).rsl tiene 3998 registros.
2026-05-29 12:06:34,595 - [INFO] - Conteo: Base Engaged_02 (20260529).rsl tiene 3998 registros.
2026-05-29 12:07:09,642 - [INFO] - ¡Reporte guardado exitosamente en: C:\\Users\\User\\Grupo de Servicios Integrales Chile S.A\\Mildred Casas - VTR Operaciones\\02.Migracion\\10.Corte Migracion\\Formulario Engaged.xlsx con sus hojas correspondientes!
2026-05-29 13:05:24,282 - [INFO] - Filtro aplicado de forma segura: Se excluyeron las campañas PILOTO CLOUD y MIGRACION NORMAL CLOUD.
2026-05-29 13:05:26,246 - [INFO] - ✅ Cruce de Malla de Turnos realizado con éxito.
2026-05-29 13:05:26,623 - [INFO] - Conteo: Base Engaged_01 (20260529).rsl tiene 3998 registros.
2026-05-29 13:05:26,815 - [INFO] - Conteo: Base Engaged_02 (20260529).rsl tiene 3998 registros.
2026-05-29 13:06:03,248 - [INFO] - ¡Reporte guardado exitosamente en: C:\\Users\\User\\Grupo de Servicios Integrales Chile S.A\\Mildred Casas - VTR Operaciones\\02.Migracion\\10.Corte Migracion\\Formulario Engaged.xlsx con sus hojas correspondientes!
2026-05-29 15:03:19,147 - [INFO] - Filtro aplicado de forma segura: Se excluyeron las campañas PILOTO CLOUD y MIGRACION NORMAL CLOUD.
2026-05-29 15:03:20,387 - [INFO] - ✅ Cruce de Malla de Turnos realizado con éxito.
2026-05-29 15:03:20,610 - [INFO] - Conteo: Base Engaged_01 (20260529).rsl tiene 3998 registros.
2026-05-29 15:03:20,740 - [INFO] - Conteo: Base Engaged_02 (20260529).rsl tiene 3998 registros.
2026-05-29 15:03:49,081 - [INFO] - ¡Reporte guardado exitosamente en: C:\\Users\\User\\Grupo de Servicios Integrales Chile S.A\\Mildred Casas - VTR Operaciones\\02.Migracion\\10.Corte Migracion\\Formulario Engaged.xlsx con sus hojas correspondientes!
2026-06-01 08:26:48,169 - [INFO] - Filtro aplicado de forma segura: Se excluyeron las campañas PILOTO CLOUD y MIGRACION NORMAL CLOUD.
2026-06-01 08:26:49,589 - [INFO] - ✅ Cruce de Malla de Turnos realizado con éxito.
2026-06-01 08:26:49,875 - [INFO] - Conteo: Base Engaged_01 (20260529).rsl tiene 3998 registros.
2026-06-01 08:26:50,078 - [INFO] - Conteo: Base Engaged_02 (20260529).rsl tiene 3998 registros.
2026-06-01 08:27:22,494 - [INFO] - ¡Reporte guardado exitosamente en: C:\\Users\\User\\Grupo de Servicios Integrales Chile S.A\\Mildred Casas - VTR Operaciones\\02.Migracion\\10.Corte Migracion\\Formulario Engaged.xlsx con sus hojas correspondientes!
2026-06-01 09:07:50,142 - [INFO] - Filtro aplicado de forma segura: Se excluyeron las campañas PILOTO CLOUD y MIGRACION NORMAL CLOUD.
2026-06-01 09:07:51,590 - [INFO] - ✅ Cruce de Malla de Turnos realizado con éxito.
2026-06-01 09:07:53,445 - [INFO] - Conteo: Base Engaged_01 (20260601).rsl tiene 3499 registros.
2026-06-01 09:07:53,703 - [INFO] - Conteo: Base Engaged_02 (20260601).rsl tiene 0 registros.
2026-06-01 09:08:24,679 - [INFO] - ¡Reporte guardado exitosamente en: C:\\Users\\User\\Grupo de Servicios Integrales Chile S.A\\Mildred Casas - VTR Operaciones\\02.Migracion\\10.Corte Migracion\\Formulario Engaged.xlsx con sus hojas correspondientes!
2026-06-01 10:07:48,761 - [INFO] - Filtro aplicado de forma segura: Se excluyeron las campañas PILOTO CLOUD y MIGRACION NORMAL CLOUD.
2026-06-01 10:07:50,086 - [INFO] - ✅ Cruce de Malla de Turnos realizado con éxito.
2026-06-01 10:07:50,347 - [INFO] - Conteo: Base Engaged_01 (20260601).rsl tiene 3499 registros.
2026-06-01 10:07:50,353 - [INFO] - Conteo: Base Engaged_02 (20260601).rsl tiene 0 registros.
2026-06-01 10:08:19,403 - [INFO] - ¡Reporte guardado exitosamente en: C:\\Users\\User\\Grupo de Servicios Integrales Chile S.A\\Mildred Casas - VTR Operaciones\\02.Migracion\\10.Corte Migracion\\Formulario Engaged.xlsx con sus hojas correspondientes!
2026-06-01 11:07:46,807 - [INFO] - Filtro aplicado de forma segura: Se excluyeron las campañas PILOTO CLOUD y MIGRACION NORMAL CLOUD.
2026-06-01 11:07:47,337 - [INFO] - ✅ Cruce de Malla de Turnos realizado con éxito.
2026-06-01 11:07:47,487 - [INFO] - Conteo: Base Engaged_01 (20260601).rsl tiene 3499 registros.
2026-06-01 11:07:47,505 - [INFO] - Conteo: Base Engaged_02 (20260601).rsl tiene 0 registros.
2026-06-01 11:08:01,546 - [INFO] - ¡Reporte guardado exitosamente en: C:\\Users\\User\\Grupo de Servicios Integrales Chile S.A\\Mildred Casas - VTR Operaciones\\02.Migracion\\10.Corte Migracion\\Formulario Engaged.xlsx con sus hojas correspondientes!
2026-06-01 12:07:59,853 - [INFO] - Filtro aplicado de forma segura: Se excluyeron las campañas PILOTO CLOUD y MIGRACION NORMAL CLOUD.
2026-06-01 12:08:01,434 - [INFO] - ✅ Cruce de Malla de Turnos realizado con éxito.
2026-06-01 12:08:01,690 - [INFO] - Conteo: Base Engaged_01 (20260601).rsl tiene 3499 registros.
2026-06-01 12:08:01,713 - [INFO] - Conteo: Base Engaged_02 (20260601).rsl tiene 0 registros.
2026-06-01 12:08:35,657 - [INFO] - ¡Reporte guardado exitosamente en: C:\\Users\\User\\Grupo de Servicios Integrales Chile S.A\\Mildred Casas - VTR Operaciones\\02.Migracion\\10.Corte Migracion\\Formulario Engaged.xlsx con sus hojas correspondientes!
2026-06-01 13:07:52,297 - [INFO] - Filtro aplicado de forma segura: Se excluyeron las campañas PILOTO CLOUD y MIGRACION NORMAL CLOUD.
2026-06-01 13:07:52,769 - [INFO] - ✅ Cruce de Malla de Turnos realizado con éxito.
2026-06-01 13:07:52,947 - [INFO] - Conteo: Base Engaged_01 (20260601).rsl tiene 3499 registros.
2026-06-01 13:07:52,954 - [INFO] - Conteo: Base Engaged_02 (20260601).rsl tiene 0 registros.
2026-06-01 13:08:03,448 - [INFO] - ¡Reporte guardado exitosamente en: C:\\Users\\User\\Grupo de Servicios Integrales Chile S.A\\Mildred Casas - VTR Operaciones\\02.Migracion\\10.Corte Migracion\\Formulario Engaged.xlsx con sus hojas correspondientes!
2026-06-01 15:52:02,164 - [INFO] - Filtro aplicado de forma segura: Se excluyeron las campañas PILOTO CLOUD y MIGRACION NORMAL CLOUD.
2026-06-01 15:52:02,283 - [INFO] - ✅ Cruce de Malla de Turnos realizado con éxito.
2026-06-01 15:52:02,755 - [INFO] - Conteo: Base Engaged_01 (20260601).rsl tiene 3499 registros.
2026-06-01 15:52:02,782 - [INFO] - Conteo: Base Engaged_02 (20260601).rsl tiene 0 registros.
2026-06-01 15:52:05,275 - [INFO] - ¡Reporte guardado exitosamente en: C:\\Users\\User\\Grupo de Servicios Integrales Chile S.A\\Mildred Casas - VTR Operaciones\\02.Migracion\\10.Corte Migracion\\Formulario Engaged.xlsx con sus hojas correspondientes!
2026-06-02 08:44:04,191 - [INFO] - Filtro aplicado de forma segura: Se excluyeron las campañas PILOTO CLOUD y MIGRACION NORMAL CLOUD.
2026-06-02 08:44:04,279 - [INFO] - ✅ Cruce de Malla de Turnos realizado con éxito.
2026-06-02 08:44:04,425 - [INFO] - Conteo: Base Engaged_01 (20260601).rsl tiene 3499 registros.
2026-06-02 08:44:11,700 - [INFO] - Conteo: Base Engaged_01 (20260602).rsl tiene 5947 registros.
2026-06-02 08:44:11,706 - [INFO] - Conteo: Base Engaged_02 (20260601).rsl tiene 0 registros.
2026-06-02 08:44:13,891 - [INFO] - Conteo: Base Engaged_02 (20260602).rsl tiene 5948 registros.
2026-06-02 08:44:15,049 - [INFO] - ¡Reporte guardado exitosamente en: C:\\Users\\User\\Grupo de Servicios Integrales Chile S.A\\Mildred Casas - VTR Operaciones\\02.Migracion\\10.Corte Migracion\\Formulario Engaged.xlsx con sus hojas correspondientes!
2026-06-02 11:40:22,913 - [INFO] - Filtro aplicado de forma segura: Se excluyeron las campañas PILOTO CLOUD y MIGRACION NORMAL CLOUD.
2026-06-02 11:40:22,970 - [INFO] - ✅ Cruce de Malla de Turnos realizado con éxito.
2026-06-02 11:40:23,097 - [INFO] - Conteo: Base Engaged_01 (20260601).rsl tiene 3499 registros.
2026-06-02 11:40:23,211 - [INFO] - Conteo: Base Engaged_01 (20260602).rsl tiene 5947 registros.
2026-06-02 11:40:23,235 - [INFO] - Conteo: Base Engaged_02 (20260601).rsl tiene 0 registros.
2026-06-02 11:40:23,348 - [INFO] - Conteo: Base Engaged_02 (20260602).rsl tiene 5948 registros.
2026-06-02 11:40:24,102 - [INFO] - ¡Reporte guardado exitosamente en: C:\\Users\\User\\Grupo de Servicios Integrales Chile S.A\\Mildred Casas - VTR Operaciones\\02.Migracion\\10.Corte Migracion\\Formulario Engaged.xlsx con sus hojas correspondientes!
2026-06-02 11:40:42,836 - [INFO] - Filtro aplicado de forma segura: Se excluyeron las campañas PILOTO CLOUD y MIGRACION NORMAL CLOUD.
2026-06-02 11:40:42,895 - [INFO] - ✅ Cruce de Malla de Turnos realizado con éxito.
2026-06-02 11:40:42,923 - [INFO] - Conteo: Base Engaged_02 (20260601).rsl tiene 0 registros.
2026-06-02 11:40:43,014 - [INFO] - Conteo: Base Engaged_02 (20260602).rsl tiene 5948 registros.
2026-06-02 11:40:43,730 - [INFO] - ¡Reporte guardado exitosamente en: C:\\Users\\User\\Grupo de Servicios Integrales Chile S.A\\Mildred Casas - VTR Operaciones\\02.Migracion\\10.Corte Migracion\\Formulario Engaged.xlsx con sus hojas correspondientes!
2026-06-02 12:05:03,060 - [INFO] - Filtro aplicado de forma segura: Se excluyeron las campañas PILOTO CLOUD y MIGRACION NORMAL CLOUD.
2026-06-02 12:05:03,189 - [INFO] - ✅ Cruce de Malla de Turnos realizado con éxito.
2026-06-02 12:05:03,266 - [INFO] - Conteo: Base Engaged_02 (20260601).rsl tiene 0 registros.
2026-06-02 12:05:03,447 - [INFO] - Conteo: Base Engaged_02 (20260602).rsl tiene 5948 registros.
2026-06-02 12:05:05,440 - [INFO] - ¡Reporte guardado exitosamente en: C:\\Users\\User\\Grupo de Servicios Integrales Chile S.A\\Mildred Casas - VTR Operaciones\\02.Migracion\\10.Corte Migracion\\Formulario Engaged.xlsx con sus hojas correspondientes!
2026-06-02 12:25:21,362 - [INFO] - Filtro aplicado de forma segura: Se excluyeron las campañas PILOTO CLOUD y MIGRACION NORMAL CLOUD.
2026-06-02 12:25:21,410 - [INFO] - ✅ Cruce de Malla de Turnos realizado con éxito.
2026-06-02 12:25:21,471 - [INFO] - Conteo: Base Engaged_02 (20260601).rsl tiene 0 registros.
2026-06-02 12:25:21,632 - [INFO] - Conteo: Base Engaged_02 (20260602).rsl tiene 5948 registros.
2026-06-02 12:25:22,443 - [INFO] - ¡Reporte guardado exitosamente en: C:\\Users\\User\\Grupo de Servicios Integrales Chile S.A\\Mildred Casas - VTR Operaciones\\02.Migracion\\10.Corte Migracion\\Formulario Engaged.xlsx con sus hojas correspondientes!
2026-06-02 14:46:37,289 - [INFO] - Filtro aplicado de forma segura: Se excluyeron las campañas PILOTO CLOUD y MIGRACION NORMAL CLOUD.
2026-06-02 14:46:37,366 - [INFO] - ✅ Cruce de Malla de Turnos realizado con éxito.
2026-06-02 14:46:37,421 - [INFO] - Conteo: Base Engaged_02 (20260601).rsl tiene 0 registros.
2026-06-02 14:46:37,534 - [INFO] - Conteo: Base Engaged_02 (20260602).rsl tiene 5948 registros.
2026-06-02 14:46:38,534 - [INFO] - ¡Reporte guardado exitosamente en: C:\\Users\\User\\Grupo de Servicios Integrales Chile S.A\\Mildred Casas - VTR Operaciones\\02.Migracion\\10.Corte Migracion\\Formulario Engaged.xlsx con sus hojas correspondientes!
2026-06-02 14:59:17,319 - [INFO] - Filtro aplicado de forma segura: Se excluyeron las campañas PILOTO CLOUD y MIGRACION NORMAL CLOUD.
2026-06-02 14:59:17,398 - [INFO] - ✅ Cruce de Malla de Turnos realizado con éxito.
2026-06-02 14:59:17,451 - [INFO] - Conteo: Base Engaged_02 (20260601).rsl tiene 0 registros.
2026-06-02 14:59:17,570 - [INFO] - Conteo: Base Engaged_02 (20260602).rsl tiene 5948 registros.
2026-06-02 14:59:18,732 - [INFO] - ¡Reporte guardado exitosamente en: C:\\Users\\User\\Grupo de Servicios Integrales Chile S.A\\Mildred Casas - VTR Operaciones\\02.Migracion\\10.Corte Migracion\\Formulario Engaged.xlsx con sus hojas correspondientes!
2026-06-02 17:04:55,937 - [INFO] - Filtro aplicado de forma segura: Se excluyeron las campañas PILOTO CLOUD y MIGRACION NORMAL CLOUD.
2026-06-02 17:04:56,084 - [INFO] - ✅ Cruce de Malla de Turnos realizado con éxito.
2026-06-02 17:04:56,166 - [INFO] - Conteo: Base Engaged_02 (20260601).rsl tiene 0 registros.
2026-06-02 17:04:56,333 - [INFO] - Conteo: Base Engaged_02 (20260602).rsl tiene 5948 registros.
2026-06-02 17:04:57,449 - [INFO] - ¡Reporte guardado exitosamente en: C:\\Users\\User\\Grupo de Servicios Integrales Chile S.A\\Mildred Casas - VTR Operaciones\\02.Migracion\\10.Corte Migracion\\Formulario Engaged.xlsx con sus hojas correspondientes!
2026-06-02 17:11:58,332 - [INFO] - Filtro aplicado de forma segura: Se excluyeron las campañas PILOTO CLOUD y MIGRACION NORMAL CLOUD.
2026-06-02 17:11:58,394 - [INFO] - ✅ Cruce de Malla de Turnos realizado con éxito.
2026-06-02 17:11:58,446 - [INFO] - Conteo: Base Engaged_02 (20260601).rsl tiene 0 registros.
2026-06-02 17:11:58,546 - [INFO] - Conteo: Base Engaged_02 (20260602).rsl tiene 5948 registros.
2026-06-02 17:11:59,499 - [INFO] - ¡Reporte guardado exitosamente en: C:\\Users\\User\\Grupo de Servicios Integrales Chile S.A\\Mildred Casas - VTR Operaciones\\02.Migracion\\10.Corte Migracion\\Formulario Engaged.xlsx con sus hojas correspondientes!
2026-06-02 18:09:59,249 - [INFO] - Filtro aplicado de forma segura: Se excluyeron las campañas PILOTO CLOUD y MIGRACION NORMAL CLOUD.
2026-06-02 18:09:59,308 - [INFO] - ✅ Cruce de Malla de Turnos realizado con éxito.
2026-06-02 18:09:59,351 - [INFO] - Conteo: Base Engaged_02 (20260601).rsl tiene 0 registros.
2026-06-02 18:09:59,449 - [INFO] - Conteo: Base Engaged_02 (20260602).rsl tiene 5948 registros.
2026-06-02 18:10:00,454 - [INFO] - ¡Reporte guardado exitosamente en: C:\\Users\\User\\Grupo de Servicios Integrales Chile S.A\\Mildred Casas - VTR Operaciones\\02.Migracion\\10.Corte Migracion\\Formulario Engaged.xlsx con sus hojas correspondientes!
2026-06-03 08:35:19,463 - [INFO] - Filtro aplicado de forma segura: Se excluyeron las campañas PILOTO CLOUD y MIGRACION NORMAL CLOUD.
2026-06-03 08:35:19,523 - [INFO] - ✅ Cruce de Malla de Turnos realizado con éxito.
2026-06-03 08:35:19,581 - [INFO] - Conteo: Base Engaged_02 (20260601).rsl tiene 0 registros.
2026-06-03 08:35:19,688 - [INFO] - Conteo: Base Engaged_02 (20260602).rsl tiene 5948 registros.
2026-06-03 08:35:20,562 - [INFO] - ¡Reporte guardado exitosamente en: C:\\Users\\User\\Grupo de Servicios Integrales Chile S.A\\Mildred Casas - VTR Operaciones\\02.Migracion\\10.Corte Migracion\\Formulario Engaged.xlsx con sus hojas correspondientes!
2026-06-03 09:05:09,944 - [INFO] - Filtro aplicado de forma segura: Se excluyeron las campañas PILOTO CLOUD y MIGRACION NORMAL CLOUD.
2026-06-03 09:05:10,025 - [INFO] - ✅ Cruce de Malla de Turnos realizado con éxito.
2026-06-03 09:05:10,098 - [INFO] - Conteo: Base Engaged_02 (20260601).rsl tiene 0 registros.
2026-06-03 09:05:10,293 - [INFO] - Conteo: Base Engaged_02 (20260602).rsl tiene 5948 registros.
2026-06-03 09:05:11,169 - [INFO] - ¡Reporte guardado exitosamente en: C:\\Users\\User\\Grupo de Servicios Integrales Chile S.A\\Mildred Casas - VTR Operaciones\\02.Migracion\\10.Corte Migracion\\Formulario Engaged.xlsx con sus hojas correspondientes!
2026-06-03 10:11:47,671 - [INFO] - Filtro aplicado de forma segura: Se excluyeron las campañas PILOTO CLOUD y MIGRACION NORMAL CLOUD.
2026-06-03 10:11:47,791 - [INFO] - ✅ Cruce de Malla de Turnos realizado con éxito.
2026-06-03 10:11:47,865 - [INFO] - Conteo: Base Engaged_02 (20260601).rsl tiene 0 registros.
2026-06-03 10:11:48,159 - [INFO] - Conteo: Base Engaged_02 (20260602).rsl tiene 5948 registros.
2026-06-03 10:11:49,874 - [INFO] - ¡Reporte guardado exitosamente en: C:\\Users\\User\\Grupo de Servicios Integrales Chile S.A\\Mildred Casas - VTR Operaciones\\02.Migracion\\10.Corte Migracion\\Formulario Engaged.xlsx con sus hojas correspondientes!
2026-06-03 10:26:35,588 - [INFO] - Filtro aplicado de forma segura: Se excluyeron las campañas PILOTO CLOUD y MIGRACION NORMAL CLOUD.
2026-06-03 10:26:35,659 - [INFO] - ✅ Cruce de Malla de Turnos realizado con éxito.
2026-06-03 10:26:35,688 - [INFO] - Conteo: Base Engaged_02 (20260601).rsl tiene 0 registros.
2026-06-03 10:26:35,807 - [INFO] - Conteo: Base Engaged_02 (20260602).rsl tiene 5948 registros.
2026-06-03 10:26:36,653 - [INFO] - ¡Reporte guardado exitosamente en: C:\\Users\\User\\Grupo de Servicios Integrales Chile S.A\\Mildred Casas - VTR Operaciones\\02.Migracion\\10.Corte Migracion\\Formulario Engaged.xlsx con sus hojas correspondientes!
2026-06-03 11:10:25,104 - [INFO] - Filtro aplicado de forma segura: Se excluyeron las campañas PILOTO CLOUD y MIGRACION NORMAL CLOUD.
2026-06-03 11:10:25,213 - [INFO] - ✅ Cruce de Malla de Turnos realizado con éxito.
2026-06-03 11:10:27,988 - [INFO] - Conteo: Base Engaged_01 (20260603).rsl tiene 4610 registros.
2026-06-03 11:10:30,715 - [INFO] - Conteo: Base Engaged_02 (20260603).rsl tiene 4609 registros.
2026-06-03 11:10:32,845 - [INFO] - ¡Reporte guardado exitosamente en: C:\\Users\\User\\Grupo de Servicios Integrales Chile S.A\\Mildred Casas - VTR Operaciones\\02.Migracion\\10.Corte Migracion\\Formulario Engaged.xlsx con sus hojas correspondientes!
2026-06-03 11:38:00,767 - [INFO] - Filtro aplicado de forma segura: Se excluyeron las campañas PILOTO CLOUD y MIGRACION NORMAL CLOUD.
2026-06-03 11:38:00,845 - [INFO] - ✅ Cruce de Malla de Turnos realizado con éxito.
2026-06-03 11:38:00,947 - [INFO] - Conteo: Base Engaged_01 (20260603).rsl tiene 4610 registros.
2026-06-03 11:38:01,018 - [INFO] - Conteo: Base Engaged_02 (20260603).rsl tiene 4609 registros.
2026-06-03 11:38:02,031 - [INFO] - ¡Reporte guardado exitosamente en: C:\\Users\\User\\Grupo de Servicios Integrales Chile S.A\\Mildred Casas - VTR Operaciones\\02.Migracion\\10.Corte Migracion\\Formulario Engaged.xlsx con sus hojas correspondientes!
2026-06-03 11:43:48,357 - [INFO] - Filtro aplicado de forma segura: Se excluyeron las campañas PILOTO CLOUD y MIGRACION NORMAL CLOUD.
2026-06-03 11:43:48,436 - [INFO] - ✅ Cruce de Malla de Turnos realizado con éxito.
2026-06-03 11:43:48,544 - [INFO] - Conteo: Base Engaged_01 (20260603).rsl tiene 4610 registros.
2026-06-03 11:43:48,629 - [INFO] - Conteo: Base Engaged_02 (20260603).rsl tiene 4609 registros.
2026-06-03 11:43:49,606 - [INFO] - ¡Reporte guardado exitosamente en: C:\\Users\\User\\Grupo de Servicios Integrales Chile S.A\\Mildred Casas - VTR Operaciones\\02.Migracion\\10.Corte Migracion\\Formulario Engaged.xlsx con sus hojas correspondientes!
2026-06-03 11:45:14,498 - [INFO] - Filtro aplicado de forma segura: Se excluyeron las campañas PILOTO CLOUD y MIGRACION NORMAL CLOUD.
2026-06-03 11:45:14,566 - [INFO] - ✅ Cruce de Malla de Turnos realizado con éxito.
2026-06-03 11:45:14,661 - [INFO] - Conteo: Base Engaged_01 (20260603).rsl tiene 4610 registros.
2026-06-03 11:45:14,734 - [INFO] - Conteo: Base Engaged_02 (20260603).rsl tiene 4609 registros.
2026-06-03 11:45:15,732 - [INFO] - ¡Reporte guardado exitosamente en: C:\\Users\\User\\Grupo de Servicios Integrales Chile S.A\\Mildred Casas - VTR Operaciones\\02.Migracion\\10.Corte Migracion\\Formulario Engaged.xlsx con sus hojas correspondientes!
2026-06-03 12:08:01,133 - [INFO] - Filtro aplicado de forma segura: Se excluyeron las campañas PILOTO CLOUD y MIGRACION NORMAL CLOUD.
2026-06-03 12:08:01,230 - [INFO] - ✅ Cruce de Malla de Turnos realizado con éxito.
2026-06-03 12:08:01,341 - [INFO] - Conteo: Base Engaged_01 (20260603).rsl tiene 4610 registros.
2026-06-03 12:08:01,420 - [INFO] - Conteo: Base Engaged_02 (20260603).rsl tiene 4609 registros.
2026-06-03 12:08:02,548 - [INFO] - ¡Reporte guardado exitosamente en: C:\\Users\\User\\Grupo de Servicios Integrales Chile S.A\\Mildred Casas - VTR Operaciones\\02.Migracion\\10.Corte Migracion\\Formulario Engaged.xlsx con sus hojas correspondientes!
2026-06-03 12:09:56,223 - [INFO] - Filtro aplicado de forma segura: Se excluyeron las campañas PILOTO CLOUD y MIGRACION NORMAL CLOUD.
2026-06-03 12:09:56,394 - [INFO] - ✅ Cruce de Malla de Turnos realizado con éxito.
2026-06-03 12:09:56,653 - [INFO] - Conteo: Base Engaged_01 (20260603).rsl tiene 4610 registros.
2026-06-03 12:09:56,836 - [INFO] - Conteo: Base Engaged_02 (20260603).rsl tiene 4609 registros.
2026-06-03 12:09:58,539 - [INFO] - ¡Reporte guardado exitosamente en: C:\\Users\\User\\Grupo de Servicios Integrales Chile S.A\\Mildred Casas - VTR Operaciones\\02.Migracion\\10.Corte Migracion\\Formulario Engaged.xlsx con sus hojas correspondientes!
2026-06-03 13:15:06,109 - [INFO] - Filtro aplicado de forma segura: Se excluyeron las campañas PILOTO CLOUD y MIGRACION NORMAL CLOUD.
2026-06-03 13:15:06,297 - [INFO] - ✅ Cruce de Malla de Turnos realizado con éxito.
2026-06-03 13:15:06,587 - [INFO] - Conteo: Base Engaged_01 (20260603).rsl tiene 4610 registros.
2026-06-03 13:15:06,811 - [INFO] - Conteo: Base Engaged_02 (20260603).rsl tiene 4609 registros.
2026-06-03 13:15:06,816 - [ERROR] - Error crítico: [Errno 13] Permission denied: 'C:\\\\Users\\\\User\\\\Grupo de Servicios Integrales Chile S.A\\\\Mildred Casas - VTR Operaciones\\\\02.Migracion\\\\10.Corte Migracion\\\\Formulario Engaged.xlsx'
2026-06-03 13:20:45,792 - [INFO] - Filtro aplicado de forma segura: Se excluyeron las campañas PILOTO CLOUD y MIGRACION NORMAL CLOUD.
2026-06-03 13:20:45,872 - [INFO] - ✅ Cruce de Malla de Turnos realizado con éxito.
2026-06-03 13:20:45,987 - [INFO] - Conteo: Base Engaged_01 (20260603).rsl tiene 4610 registros.
2026-06-03 13:20:46,059 - [INFO] - Conteo: Base Engaged_02 (20260603).rsl tiene 4609 registros.
2026-06-03 13:20:47,310 - [INFO] - ¡Reporte guardado exitosamente en: C:\\Users\\User\\Grupo de Servicios Integrales Chile S.A\\Mildred Casas - VTR Operaciones\\02.Migracion\\10.Corte Migracion\\Formulario Engaged.xlsx con sus hojas correspondientes!
2026-06-03 13:55:40,904 - [INFO] - Filtro aplicado de forma segura: Se excluyeron las campañas PILOTO CLOUD y MIGRACION NORMAL CLOUD.
2026-06-03 13:55:40,975 - [INFO] - ✅ Cruce de Malla de Turnos realizado con éxito.
2026-06-03 13:55:41,104 - [INFO] - Conteo: Base Engaged_01 (20260603).rsl tiene 4610 registros.
2026-06-03 13:55:41,187 - [INFO] - Conteo: Base Engaged_02 (20260603).rsl tiene 4609 registros.
2026-06-03 13:55:41,190 - [ERROR] - Error crítico: [Errno 13] Permission denied: 'C:\\\\Users\\\\User\\\\Grupo de Servicios Integrales Chile S.A\\\\Mildred Casas - VTR Operaciones\\\\02.Migracion\\\\10.Corte Migracion\\\\Formulario Engaged.xlsx'
2026-06-03 13:55:46,841 - [INFO] - Filtro aplicado de forma segura: Se excluyeron las campañas PILOTO CLOUD y MIGRACION NORMAL CLOUD.
2026-06-03 13:55:46,906 - [INFO] - ✅ Cruce de Malla de Turnos realizado con éxito.
2026-06-03 13:55:47,019 - [INFO] - Conteo: Base Engaged_01 (20260603).rsl tiene 4610 registros.
2026-06-03 13:55:47,091 - [INFO] - Conteo: Base Engaged_02 (20260603).rsl tiene 4609 registros.
2026-06-03 13:55:47,095 - [ERROR] - Error crítico: [Errno 13] Permission denied: 'C:\\\\Users\\\\User\\\\Grupo de Servicios Integrales Chile S.A\\\\Mildred Casas - VTR Operaciones\\\\02.Migracion\\\\10.Corte Migracion\\\\Formulario Engaged.xlsx'
2026-06-03 13:56:47,415 - [INFO] - Filtro aplicado de forma segura: Se excluyeron las campañas PILOTO CLOUD y MIGRACION NORMAL CLOUD.
2026-06-03 13:56:47,483 - [INFO] - ✅ Cruce de Malla de Turnos realizado con éxito.
2026-06-03 13:56:47,575 - [INFO] - Conteo: Base Engaged_01 (20260603).rsl tiene 4610 registros.
2026-06-03 13:56:47,645 - [INFO] - Conteo: Base Engaged_02 (20260603).rsl tiene 4609 registros.
2026-06-03 13:56:48,894 - [INFO] - ¡Reporte guardado exitosamente en: C:\\Users\\User\\Grupo de Servicios Integrales Chile S.A\\Mildred Casas - VTR Operaciones\\02.Migracion\\10.Corte Migracion\\Formulario Engaged.xlsx con sus hojas correspondientes!
2026-06-03 14:05:10,637 - [INFO] - Filtro aplicado de forma segura: Se excluyeron las campañas PILOTO CLOUD y MIGRACION NORMAL CLOUD.
2026-06-03 14:05:10,886 - [INFO] - ✅ Cruce de Malla de Turnos realizado con éxito.
2026-06-03 14:05:11,141 - [INFO] - Conteo: Base Engaged_01 (20260603).rsl tiene 4610 registros.
2026-06-03 14:05:11,316 - [INFO] - Conteo: Base Engaged_02 (20260603).rsl tiene 4609 registros.
2026-06-03 14:05:14,490 - [INFO] - ¡Reporte guardado exitosamente en: C:\\Users\\User\\Grupo de Servicios Integrales Chile S.A\\Mildred Casas - VTR Operaciones\\02.Migracion\\10.Corte Migracion\\Formulario Engaged.xlsx con sus hojas correspondientes!
2026-06-03 14:14:45,897 - [INFO] - Filtro aplicado de forma segura: Se excluyeron las campañas PILOTO CLOUD y MIGRACION NORMAL CLOUD.
2026-06-03 14:14:46,059 - [INFO] - ✅ Cruce de Malla de Turnos realizado con éxito.
2026-06-03 14:14:46,276 - [INFO] - Conteo: Base Engaged_01 (20260603).rsl tiene 4610 registros.
2026-06-03 14:14:46,446 - [INFO] - Conteo: Base Engaged_02 (20260603).rsl tiene 4609 registros.
2026-06-03 14:14:49,502 - [INFO] - ¡Reporte guardado exitosamente en: C:\\Users\\User\\Grupo de Servicios Integrales Chile S.A\\Mildred Casas - VTR Operaciones\\02.Migracion\\10.Corte Migracion\\Formulario Engaged.xlsx con sus hojas correspondientes!
2026-06-03 15:05:08,181 - [INFO] - Filtro aplicado de forma segura: Se excluyeron las campañas PILOTO CLOUD y MIGRACION NORMAL CLOUD.
2026-06-03 15:05:08,256 - [INFO] - ✅ Cruce de Malla de Turnos realizado con éxito.
2026-06-03 15:08:19,896 - [INFO] - Conteo: Base Engaged_01 (20260603).rsl tiene 4610 registros.
2026-06-03 15:08:20,907 - [INFO] - Conteo: Base Engaged_02 (20260603).rsl tiene 4609 registros.
2026-06-03 15:08:22,630 - [INFO] - ¡Reporte guardado exitosamente en: C:\\Users\\User\\Grupo de Servicios Integrales Chile S.A\\Mildred Casas - VTR Operaciones\\02.Migracion\\10.Corte Migracion\\Formulario Engaged.xlsx con sus hojas correspondientes!
2026-06-03 15:10:03,185 - [INFO] - Filtro aplicado de forma segura: Se excluyeron las campañas PILOTO CLOUD y MIGRACION NORMAL CLOUD.
2026-06-03 15:10:03,274 - [INFO] - ✅ Cruce de Malla de Turnos realizado con éxito.
2026-06-03 15:10:03,390 - [INFO] - Conteo: Base Engaged_01 (20260603).rsl tiene 4610 registros.
2026-06-03 15:10:03,454 - [INFO] - Conteo: Base Engaged_02 (20260603).rsl tiene 4609 registros.
2026-06-03 15:10:04,647 - [INFO] - ¡Reporte guardado exitosamente en: C:\\Users\\User\\Grupo de Servicios Integrales Chile S.A\\Mildred Casas - VTR Operaciones\\02.Migracion\\10.Corte Migracion\\Formulario Engaged.xlsx con sus hojas correspondientes!
2026-06-03 16:17:50,651 - [INFO] - Filtro aplicado de forma segura: Se excluyeron las campañas PILOTO CLOUD y MIGRACION NORMAL CLOUD.
2026-06-03 16:17:50,970 - [INFO] - ✅ Cruce de Malla de Turnos realizado con éxito.
2026-06-03 16:17:51,449 - [INFO] - Conteo: Base Engaged_01 (20260603).rsl tiene 4610 registros.
2026-06-03 16:17:51,742 - [INFO] - Conteo: Base Engaged_02 (20260603).rsl tiene 4609 registros.
2026-06-03 16:17:57,171 - [INFO] - ¡Reporte guardado exitosamente en: C:\\Users\\User\\Grupo de Servicios Integrales Chile S.A\\Mildred Casas - VTR Operaciones\\02.Migracion\\10.Corte Migracion\\Formulario Engaged.xlsx con sus hojas correspondientes!
2026-06-03 16:25:25,029 - [INFO] - Filtro aplicado de forma segura: Se excluyeron las campañas PILOTO CLOUD y MIGRACION NORMAL CLOUD.
2026-06-03 16:25:25,342 - [INFO] - ✅ Cruce de Malla de Turnos realizado con éxito.
2026-06-03 16:25:25,818 - [INFO] - Conteo: Base Engaged_01 (20260603).rsl tiene 4610 registros.
2026-06-03 16:25:26,246 - [INFO] - Conteo: Base Engaged_02 (20260603).rsl tiene 4609 registros.
2026-06-03 16:25:33,142 - [INFO] - ¡Reporte guardado exitosamente en: C:\\Users\\User\\Grupo de Servicios Integrales Chile S.A\\Mildred Casas - VTR Operaciones\\02.Migracion\\10.Corte Migracion\\Formulario Engaged.xlsx con sus hojas correspondientes!
2026-06-03 17:15:28,960 - [INFO] - Filtro aplicado de forma segura: Se excluyeron las campañas PILOTO CLOUD y MIGRACION NORMAL CLOUD.
2026-06-03 17:15:29,060 - [INFO] - ✅ Cruce de Malla de Turnos realizado con éxito.
2026-06-03 17:15:29,193 - [INFO] - Conteo: Base Engaged_01 (20260603).rsl tiene 4610 registros.
2026-06-03 17:15:29,291 - [INFO] - Conteo: Base Engaged_02 (20260603).rsl tiene 4609 registros.
2026-06-03 17:15:30,973 - [INFO] - ¡Reporte guardado exitosamente en: C:\\Users\\User\\Grupo de Servicios Integrales Chile S.A\\Mildred Casas - VTR Operaciones\\02.Migracion\\10.Corte Migracion\\Formulario Engaged.xlsx con sus hojas correspondientes!
2026-06-03 18:22:10,323 - [INFO] - Filtro aplicado de forma segura: Se excluyeron las campañas PILOTO CLOUD y MIGRACION NORMAL CLOUD.
2026-06-03 18:22:10,430 - [INFO] - ✅ Cruce de Malla de Turnos realizado con éxito.
2026-06-03 18:22:10,624 - [INFO] - Conteo: Base Engaged_01 (20260603).rsl tiene 4610 registros.
2026-06-03 18:22:10,724 - [INFO] - Conteo: Base Engaged_02 (20260603).rsl tiene 4609 registros.
2026-06-03 18:22:12,464 - [INFO] - ¡Reporte guardado exitosamente en: C:\\Users\\User\\Grupo de Servicios Integrales Chile S.A\\Mildred Casas - VTR Operaciones\\02.Migracion\\10.Corte Migracion\\Formulario Engaged.xlsx con sus hojas correspondientes!
2026-06-04 08:28:09,498 - [INFO] - Filtro aplicado de forma segura: Se excluyeron las campañas PILOTO CLOUD y MIGRACION NORMAL CLOUD.
2026-06-04 08:28:09,892 - [INFO] - ✅ Cruce de Malla de Turnos realizado con éxito.
2026-06-04 08:28:10,218 - [INFO] - Conteo: Base Engaged_01 (20260603).rsl tiene 4610 registros.
2026-06-04 08:28:10,426 - [INFO] - Conteo: Base Engaged_02 (20260603).rsl tiene 4609 registros.
2026-06-04 08:28:14,066 - [INFO] - ¡Reporte guardado exitosamente en: C:\\Users\\User\\Grupo de Servicios Integrales Chile S.A\\Mildred Casas - VTR Operaciones\\02.Migracion\\10.Corte Migracion\\Formulario Engaged.xlsx con sus hojas correspondientes!
2026-06-04 09:05:09,174 - [INFO] - Filtro aplicado de forma segura: Se excluyeron las campañas PILOTO CLOUD y MIGRACION NORMAL CLOUD.
2026-06-04 09:05:09,428 - [INFO] - ✅ Cruce de Malla de Turnos realizado con éxito.
2026-06-04 09:05:09,698 - [INFO] - Conteo: Base Engaged_01 (20260603).rsl tiene 4610 registros.
2026-06-04 09:05:09,896 - [INFO] - Conteo: Base Engaged_02 (20260603).rsl tiene 4609 registros.
2026-06-04 09:05:13,688 - [INFO] - ¡Reporte guardado exitosamente en: C:\\Users\\User\\Grupo de Servicios Integrales Chile S.A\\Mildred Casas - VTR Operaciones\\02.Migracion\\10.Corte Migracion\\Formulario Engaged.xlsx con sus hojas correspondientes!
2026-06-11 10:05:02,477 - [INFO] - Filtro aplicado de forma segura: Se excluyeron las campañas PILOTO CLOUD y MIGRACION NORMAL CLOUD.
2026-06-11 10:05:02,832 - [INFO] - ✅ Cruce de Malla de Turnos realizado con éxito.
2026-06-11 10:05:03,326 - [INFO] - Conteo: Base Engaged_01 (20260610).rsl tiene 1999 registros.
2026-06-11 10:05:14,252 - [INFO] - ¡Reporte guardado exitosamente en: C:\\Users\\User\\Grupo de Servicios Integrales Chile S.A\\Mildred Casas - VTR Operaciones\\02.Migracion\\10.Corte Migracion\\Formulario Engaged.xlsx con sus hojas correspondientes!
2026-06-15 13:39:42,930 - [INFO] - Filtro aplicado de forma segura: Se excluyeron las campañas PILOTO CLOUD y MIGRACION NORMAL CLOUD.
2026-06-15 13:39:43,322 - [INFO] - ✅ Cruce de Malla de Turnos realizado con éxito.
2026-06-15 13:39:44,246 - [INFO] - Conteo: Base Engaged_01 (20260615).rsl tiene 3192 registros.
2026-06-15 13:40:01,630 - [INFO] - ¡Reporte guardado exitosamente en: C:\\Users\\User\\Grupo de Servicios Integrales Chile S.A\\Mildred Casas - VTR Operaciones\\02.Migracion\\10.Corte Migracion\\Formulario Engaged.xlsx con sus hojas correspondientes!
